
> student-club-backend@1.0.0 dev
> next dev -p 3001

 ⚠ Warning: Next.js inferred your workspace root, but it may not be correct.
 We detected multiple lockfiles and selected the directory of /Users/linmyatoo/Development/StudendClubManagementPlatform/package-lock.json as the root directory.
 To silence this warning, set `outputFileTracingRoot` in your Next.js config, or consider removing one of the lockfiles if it's not needed.
   See https://nextjs.org/docs/app/api-reference/config/next-config-js/output#caveats for more information.
 Detected additional lockfiles: 
   * /Users/linmyatoo/Development/StudendClubManagementPlatform/backend/package-lock.json

   ▲ Next.js 15.5.6
   - Local:        http://localhost:3001
   - Network:      http://192.168.1.162:3001
   - Environments: .env

 ✓ Starting...
 ✓ Ready in 1592ms
 ✓ Compiled /api/auth/register in 466ms (302 modules)
 OPTIONS /api/auth/register 204 in 1188ms
prisma:query SELECT "public"."users"."id", "public"."users"."email", "public"."users"."password", "public"."users"."name", "public"."users"."studentId", "public"."users"."role"::text, "public"."users"."createdAt", "public"."users"."updatedAt" FROM "public"."users" WHERE ("public"."users"."email" = $1 AND 1=1) LIMIT $2 OFFSET $3
prisma:query INSERT INTO "public"."users" ("id","email","password","name","studentId","role","createdAt","updatedAt") VALUES ($1,$2,$3,$4,$5,CAST($6::text AS "public"."Role"),$7,$8) RETURNING "public"."users"."id", "public"."users"."email", "public"."users"."password", "public"."users"."name", "public"."users"."studentId", "public"."users"."role"::text, "public"."users"."createdAt", "public"."users"."updatedAt"
 POST /api/auth/register 201 in 224ms
 ✓ Compiled /api/auth/login in 205ms (304 modules)
 OPTIONS /api/auth/login 204 in 267ms
prisma:query SELECT "public"."users"."id", "public"."users"."email", "public"."users"."password", "public"."users"."name", "public"."users"."studentId", "public"."users"."role"::text, "public"."users"."createdAt", "public"."users"."updatedAt" FROM "public"."users" WHERE ("public"."users"."email" = $1 AND 1=1) LIMIT $2 OFFSET $3
 POST /api/auth/login 200 in 91ms
 ✓ Compiled /api/admin/dashboard in 159ms (306 modules)
prisma:query SELECT COUNT(*) AS "_count$_all" FROM (SELECT "public"."users"."id" FROM "public"."users" WHERE 1=1 OFFSET $1) AS "sub"
prisma:query SELECT COUNT(*) AS "_count$_all" FROM (SELECT "public"."clubs"."id" FROM "public"."clubs" WHERE 1=1 OFFSET $1) AS "sub"
prisma:query SELECT COUNT(*) AS "_count$_all" FROM (SELECT "public"."attendances"."id" FROM "public"."attendances" WHERE 1=1 OFFSET $1) AS "sub"
prisma:query SELECT COUNT(*) AS "_count$_all" FROM (SELECT "public"."events"."id" FROM "public"."events" WHERE 1=1 OFFSET $1) AS "sub"
prisma:query SELECT COUNT(*) AS "_count$_all" FROM (SELECT "public"."club_memberships"."id" FROM "public"."club_memberships" WHERE "public"."club_memberships"."status" = CAST($1::text AS "public"."MembershipStatus") OFFSET $2) AS "sub"
prisma:query SELECT "public"."users"."id", "public"."users"."name", "public"."users"."email", "public"."users"."role"::text, "public"."users"."createdAt" FROM "public"."users" WHERE 1=1 ORDER BY "public"."users"."createdAt" DESC LIMIT $1 OFFSET $2
prisma:query SELECT "public"."clubs"."id", "public"."clubs"."name", "public"."clubs"."description", "public"."clubs"."category", "public"."clubs"."logo", "public"."clubs"."createdAt", "public"."clubs"."updatedAt", COALESCE("aggr_selection_0_ClubMembership"."_aggr_count_members", 0) AS "_aggr_count_members", COALESCE("aggr_selection_1_Event"."_aggr_count_events", 0) AS "_aggr_count_events" FROM "public"."clubs" LEFT JOIN (SELECT "public"."club_memberships"."clubId", COUNT(*) AS "_aggr_count_members" FROM "public"."club_memberships" WHERE 1=1 GROUP BY "public"."club_memberships"."clubId") AS "aggr_selection_0_ClubMembership" ON ("public"."clubs"."id" = "aggr_selection_0_ClubMembership"."clubId") LEFT JOIN (SELECT "public"."events"."clubId", COUNT(*) AS "_aggr_count_events" FROM "public"."events" WHERE 1=1 GROUP BY "public"."events"."clubId") AS "aggr_selection_1_Event" ON ("public"."clubs"."id" = "aggr_selection_1_Event"."clubId") WHERE 1=1 ORDER BY "public"."clubs"."createdAt" DESC OFFSET $1
prisma:query SELECT "public"."events"."id", "public"."events"."title", "public"."events"."description", "public"."events"."location", "public"."events"."startTime", "public"."events"."endTime", "public"."events"."maxAttendees", "public"."events"."status"::text, "public"."events"."clubId", "public"."events"."createdById", "public"."events"."createdAt", "public"."events"."updatedAt", COALESCE("aggr_selection_0_Attendance"."_aggr_count_attendances", 0) AS "_aggr_count_attendances" FROM "public"."events" LEFT JOIN (SELECT "public"."attendances"."eventId", COUNT(*) AS "_aggr_count_attendances" FROM "public"."attendances" WHERE 1=1 GROUP BY "public"."attendances"."eventId") AS "aggr_selection_0_Attendance" ON ("public"."events"."id" = "aggr_selection_0_Attendance"."eventId") WHERE 1=1 ORDER BY "public"."events"."startTime" DESC LIMIT $1 OFFSET $2
prisma:query SELECT "public"."club_memberships"."id", "public"."club_memberships"."userId", "public"."club_memberships"."clubId", "public"."club_memberships"."isPresident", "public"."club_memberships"."status"::text, "public"."club_memberships"."joinedAt" FROM "public"."club_memberships" WHERE "public"."club_memberships"."status" = CAST($1::text AS "public"."MembershipStatus") ORDER BY "public"."club_memberships"."joinedAt" DESC OFFSET $2
 GET /api/admin/dashboard 200 in 267ms
prisma:query SELECT COUNT(*) AS "_count$_all" FROM (SELECT "public"."users"."id" FROM "public"."users" WHERE 1=1 OFFSET $1) AS "sub"
prisma:query SELECT COUNT(*) AS "_count$_all" FROM (SELECT "public"."clubs"."id" FROM "public"."clubs" WHERE 1=1 OFFSET $1) AS "sub"
prisma:query SELECT COUNT(*) AS "_count$_all" FROM (SELECT "public"."events"."id" FROM "public"."events" WHERE 1=1 OFFSET $1) AS "sub"
prisma:query SELECT COUNT(*) AS "_count$_all" FROM (SELECT "public"."club_memberships"."id" FROM "public"."club_memberships" WHERE "public"."club_memberships"."status" = CAST($1::text AS "public"."MembershipStatus") OFFSET $2) AS "sub"
prisma:query SELECT COUNT(*) AS "_count$_all" FROM (SELECT "public"."attendances"."id" FROM "public"."attendances" WHERE 1=1 OFFSET $1) AS "sub"
prisma:query SELECT "public"."users"."id", "public"."users"."name", "public"."users"."email", "public"."users"."role"::text, "public"."users"."createdAt" FROM "public"."users" WHERE 1=1 ORDER BY "public"."users"."createdAt" DESC LIMIT $1 OFFSET $2
prisma:query SELECT "public"."clubs"."id", "public"."clubs"."name", "public"."clubs"."description", "public"."clubs"."category", "public"."clubs"."logo", "public"."clubs"."createdAt", "public"."clubs"."updatedAt", COALESCE("aggr_selection_0_ClubMembership"."_aggr_count_members", 0) AS "_aggr_count_members", COALESCE("aggr_selection_1_Event"."_aggr_count_events", 0) AS "_aggr_count_events" FROM "public"."clubs" LEFT JOIN (SELECT "public"."club_memberships"."clubId", COUNT(*) AS "_aggr_count_members" FROM "public"."club_memberships" WHERE 1=1 GROUP BY "public"."club_memberships"."clubId") AS "aggr_selection_0_ClubMembership" ON ("public"."clubs"."id" = "aggr_selection_0_ClubMembership"."clubId") LEFT JOIN (SELECT "public"."events"."clubId", COUNT(*) AS "_aggr_count_events" FROM "public"."events" WHERE 1=1 GROUP BY "public"."events"."clubId") AS "aggr_selection_1_Event" ON ("public"."clubs"."id" = "aggr_selection_1_Event"."clubId") WHERE 1=1 ORDER BY "public"."clubs"."createdAt" DESC OFFSET $1
prisma:query SELECT "public"."events"."id", "public"."events"."title", "public"."events"."description", "public"."events"."location", "public"."events"."startTime", "public"."events"."endTime", "public"."events"."maxAttendees", "public"."events"."status"::text, "public"."events"."clubId", "public"."events"."createdById", "public"."events"."createdAt", "public"."events"."updatedAt", COALESCE("aggr_selection_0_Attendance"."_aggr_count_attendances", 0) AS "_aggr_count_attendances" FROM "public"."events" LEFT JOIN (SELECT "public"."attendances"."eventId", COUNT(*) AS "_aggr_count_attendances" FROM "public"."attendances" WHERE 1=1 GROUP BY "public"."attendances"."eventId") AS "aggr_selection_0_Attendance" ON ("public"."events"."id" = "aggr_selection_0_Attendance"."eventId") WHERE 1=1 ORDER BY "public"."events"."startTime" DESC LIMIT $1 OFFSET $2
prisma:query SELECT "public"."club_memberships"."id", "public"."club_memberships"."userId", "public"."club_memberships"."clubId", "public"."club_memberships"."isPresident", "public"."club_memberships"."status"::text, "public"."club_memberships"."joinedAt" FROM "public"."club_memberships" WHERE "public"."club_memberships"."status" = CAST($1::text AS "public"."MembershipStatus") ORDER BY "public"."club_memberships"."joinedAt" DESC OFFSET $2
 GET /api/admin/dashboard 200 in 18ms
 ✓ Compiled /api/clubs in 286ms (298 modules)
prisma:query SELECT 1
prisma:query SELECT "public"."clubs"."id", "public"."clubs"."name", "public"."clubs"."description", "public"."clubs"."category", "public"."clubs"."logo", "public"."clubs"."createdAt", "public"."clubs"."updatedAt", COALESCE("aggr_selection_0_ClubMembership"."_aggr_count_members", 0) AS "_aggr_count_members", COALESCE("aggr_selection_1_Event"."_aggr_count_events", 0) AS "_aggr_count_events" FROM "public"."clubs" LEFT JOIN (SELECT "public"."club_memberships"."clubId", COUNT(*) AS "_aggr_count_members" FROM "public"."club_memberships" WHERE 1=1 GROUP BY "public"."club_memberships"."clubId") AS "aggr_selection_0_ClubMembership" ON ("public"."clubs"."id" = "aggr_selection_0_ClubMembership"."clubId") LEFT JOIN (SELECT "public"."events"."clubId", COUNT(*) AS "_aggr_count_events" FROM "public"."events" WHERE 1=1 GROUP BY "public"."events"."clubId") AS "aggr_selection_1_Event" ON ("public"."clubs"."id" = "aggr_selection_1_Event"."clubId") WHERE 1=1 ORDER BY "public"."clubs"."createdAt" DESC OFFSET $1
 GET /api/clubs 200 in 339ms
prisma:query SELECT "public"."clubs"."id", "public"."clubs"."name", "public"."clubs"."description", "public"."clubs"."category", "public"."clubs"."logo", "public"."clubs"."createdAt", "public"."clubs"."updatedAt", COALESCE("aggr_selection_0_ClubMembership"."_aggr_count_members", 0) AS "_aggr_count_members", COALESCE("aggr_selection_1_Event"."_aggr_count_events", 0) AS "_aggr_count_events" FROM "public"."clubs" LEFT JOIN (SELECT "public"."club_memberships"."clubId", COUNT(*) AS "_aggr_count_members" FROM "public"."club_memberships" WHERE 1=1 GROUP BY "public"."club_memberships"."clubId") AS "aggr_selection_0_ClubMembership" ON ("public"."clubs"."id" = "aggr_selection_0_ClubMembership"."clubId") LEFT JOIN (SELECT "public"."events"."clubId", COUNT(*) AS "_aggr_count_events" FROM "public"."events" WHERE 1=1 GROUP BY "public"."events"."clubId") AS "aggr_selection_1_Event" ON ("public"."clubs"."id" = "aggr_selection_1_Event"."clubId") WHERE 1=1 ORDER BY "public"."clubs"."createdAt" DESC OFFSET $1
 GET /api/clubs 200 in 6ms
prisma:query SELECT "public"."clubs"."id", "public"."clubs"."name", "public"."clubs"."description", "public"."clubs"."category", "public"."clubs"."logo", "public"."clubs"."createdAt", "public"."clubs"."updatedAt", COALESCE("aggr_selection_0_ClubMembership"."_aggr_count_members", 0) AS "_aggr_count_members", COALESCE("aggr_selection_1_Event"."_aggr_count_events", 0) AS "_aggr_count_events" FROM "public"."clubs" LEFT JOIN (SELECT "public"."club_memberships"."clubId", COUNT(*) AS "_aggr_count_members" FROM "public"."club_memberships" WHERE 1=1 GROUP BY "public"."club_memberships"."clubId") AS "aggr_selection_0_ClubMembership" ON ("public"."clubs"."id" = "aggr_selection_0_ClubMembership"."clubId") LEFT JOIN (SELECT "public"."events"."clubId", COUNT(*) AS "_aggr_count_events" FROM "public"."events" WHERE 1=1 GROUP BY "public"."events"."clubId") AS "aggr_selection_1_Event" ON ("public"."clubs"."id" = "aggr_selection_1_Event"."clubId") WHERE 1=1 ORDER BY "public"."clubs"."createdAt" DESC OFFSET $1
 GET /api/clubs 200 in 24ms
 ✓ Compiled /api/auth/login in 90ms (110 modules)
 OPTIONS /api/auth/login 204 in 136ms
prisma:query SELECT 1
prisma:query SELECT "public"."users"."id", "public"."users"."email", "public"."users"."password", "public"."users"."name", "public"."users"."studentId", "public"."users"."role"::text, "public"."users"."createdAt", "public"."users"."updatedAt" FROM "public"."users" WHERE ("public"."users"."email" = $1 AND 1=1) LIMIT $2 OFFSET $3
 POST /api/auth/login 200 in 89ms
 ✓ Compiled /api/admin/dashboard in 34ms (112 modules)
prisma:query SELECT 1
prisma:query SELECT 1
prisma:query SELECT 1
prisma:query SELECT 1
prisma:query SELECT COUNT(*) AS "_count$_all" FROM (SELECT "public"."events"."id" FROM "public"."events" WHERE 1=1 OFFSET $1) AS "sub"
prisma:query SELECT COUNT(*) AS "_count$_all" FROM (SELECT "public"."clubs"."id" FROM "public"."clubs" WHERE 1=1 OFFSET $1) AS "sub"
prisma:query SELECT COUNT(*) AS "_count$_all" FROM (SELECT "public"."users"."id" FROM "public"."users" WHERE 1=1 OFFSET $1) AS "sub"
prisma:query SELECT COUNT(*) AS "_count$_all" FROM (SELECT "public"."attendances"."id" FROM "public"."attendances" WHERE 1=1 OFFSET $1) AS "sub"
prisma:query SELECT COUNT(*) AS "_count$_all" FROM (SELECT "public"."club_memberships"."id" FROM "public"."club_memberships" WHERE "public"."club_memberships"."status" = CAST($1::text AS "public"."MembershipStatus") OFFSET $2) AS "sub"
prisma:query SELECT "public"."users"."id", "public"."users"."name", "public"."users"."email", "public"."users"."role"::text, "public"."users"."createdAt" FROM "public"."users" WHERE 1=1 ORDER BY "public"."users"."createdAt" DESC LIMIT $1 OFFSET $2
prisma:query SELECT "public"."clubs"."id", "public"."clubs"."name", "public"."clubs"."description", "public"."clubs"."category", "public"."clubs"."logo", "public"."clubs"."createdAt", "public"."clubs"."updatedAt", COALESCE("aggr_selection_0_ClubMembership"."_aggr_count_members", 0) AS "_aggr_count_members", COALESCE("aggr_selection_1_Event"."_aggr_count_events", 0) AS "_aggr_count_events" FROM "public"."clubs" LEFT JOIN (SELECT "public"."club_memberships"."clubId", COUNT(*) AS "_aggr_count_members" FROM "public"."club_memberships" WHERE 1=1 GROUP BY "public"."club_memberships"."clubId") AS "aggr_selection_0_ClubMembership" ON ("public"."clubs"."id" = "aggr_selection_0_ClubMembership"."clubId") LEFT JOIN (SELECT "public"."events"."clubId", COUNT(*) AS "_aggr_count_events" FROM "public"."events" WHERE 1=1 GROUP BY "public"."events"."clubId") AS "aggr_selection_1_Event" ON ("public"."clubs"."id" = "aggr_selection_1_Event"."clubId") WHERE 1=1 ORDER BY "public"."clubs"."createdAt" DESC OFFSET $1
prisma:query SELECT "public"."events"."id", "public"."events"."title", "public"."events"."description", "public"."events"."location", "public"."events"."startTime", "public"."events"."endTime", "public"."events"."maxAttendees", "public"."events"."status"::text, "public"."events"."clubId", "public"."events"."createdById", "public"."events"."createdAt", "public"."events"."updatedAt", COALESCE("aggr_selection_0_Attendance"."_aggr_count_attendances", 0) AS "_aggr_count_attendances" FROM "public"."events" LEFT JOIN (SELECT "public"."attendances"."eventId", COUNT(*) AS "_aggr_count_attendances" FROM "public"."attendances" WHERE 1=1 GROUP BY "public"."attendances"."eventId") AS "aggr_selection_0_Attendance" ON ("public"."events"."id" = "aggr_selection_0_Attendance"."eventId") WHERE 1=1 ORDER BY "public"."events"."startTime" DESC LIMIT $1 OFFSET $2
prisma:query SELECT "public"."club_memberships"."id", "public"."club_memberships"."userId", "public"."club_memberships"."clubId", "public"."club_memberships"."isPresident", "public"."club_memberships"."status"::text, "public"."club_memberships"."joinedAt" FROM "public"."club_memberships" WHERE "public"."club_memberships"."status" = CAST($1::text AS "public"."MembershipStatus") ORDER BY "public"."club_memberships"."joinedAt" DESC OFFSET $2
 GET /api/admin/dashboard 200 in 67ms
prisma:query SELECT COUNT(*) AS "_count$_all" FROM (SELECT "public"."users"."id" FROM "public"."users" WHERE 1=1 OFFSET $1) AS "sub"
prisma:query SELECT COUNT(*) AS "_count$_all" FROM (SELECT "public"."club_memberships"."id" FROM "public"."club_memberships" WHERE "public"."club_memberships"."status" = CAST($1::text AS "public"."MembershipStatus") OFFSET $2) AS "sub"
prisma:query SELECT COUNT(*) AS "_count$_all" FROM (SELECT "public"."attendances"."id" FROM "public"."attendances" WHERE 1=1 OFFSET $1) AS "sub"
prisma:query SELECT COUNT(*) AS "_count$_all" FROM (SELECT "public"."clubs"."id" FROM "public"."clubs" WHERE 1=1 OFFSET $1) AS "sub"
prisma:query SELECT COUNT(*) AS "_count$_all" FROM (SELECT "public"."events"."id" FROM "public"."events" WHERE 1=1 OFFSET $1) AS "sub"
prisma:query SELECT "public"."users"."id", "public"."users"."name", "public"."users"."email", "public"."users"."role"::text, "public"."users"."createdAt" FROM "public"."users" WHERE 1=1 ORDER BY "public"."users"."createdAt" DESC LIMIT $1 OFFSET $2
prisma:query SELECT "public"."clubs"."id", "public"."clubs"."name", "public"."clubs"."description", "public"."clubs"."category", "public"."clubs"."logo", "public"."clubs"."createdAt", "public"."clubs"."updatedAt", COALESCE("aggr_selection_0_ClubMembership"."_aggr_count_members", 0) AS "_aggr_count_members", COALESCE("aggr_selection_1_Event"."_aggr_count_events", 0) AS "_aggr_count_events" FROM "public"."clubs" LEFT JOIN (SELECT "public"."club_memberships"."clubId", COUNT(*) AS "_aggr_count_members" FROM "public"."club_memberships" WHERE 1=1 GROUP BY "public"."club_memberships"."clubId") AS "aggr_selection_0_ClubMembership" ON ("public"."clubs"."id" = "aggr_selection_0_ClubMembership"."clubId") LEFT JOIN (SELECT "public"."events"."clubId", COUNT(*) AS "_aggr_count_events" FROM "public"."events" WHERE 1=1 GROUP BY "public"."events"."clubId") AS "aggr_selection_1_Event" ON ("public"."clubs"."id" = "aggr_selection_1_Event"."clubId") WHERE 1=1 ORDER BY "public"."clubs"."createdAt" DESC OFFSET $1
prisma:query SELECT "public"."events"."id", "public"."events"."title", "public"."events"."description", "public"."events"."location", "public"."events"."startTime", "public"."events"."endTime", "public"."events"."maxAttendees", "public"."events"."status"::text, "public"."events"."clubId", "public"."events"."createdById", "public"."events"."createdAt", "public"."events"."updatedAt", COALESCE("aggr_selection_0_Attendance"."_aggr_count_attendances", 0) AS "_aggr_count_attendances" FROM "public"."events" LEFT JOIN (SELECT "public"."attendances"."eventId", COUNT(*) AS "_aggr_count_attendances" FROM "public"."attendances" WHERE 1=1 GROUP BY "public"."attendances"."eventId") AS "aggr_selection_0_Attendance" ON ("public"."events"."id" = "aggr_selection_0_Attendance"."eventId") WHERE 1=1 ORDER BY "public"."events"."startTime" DESC LIMIT $1 OFFSET $2
prisma:query SELECT "public"."club_memberships"."id", "public"."club_memberships"."userId", "public"."club_memberships"."clubId", "public"."club_memberships"."isPresident", "public"."club_memberships"."status"::text, "public"."club_memberships"."joinedAt" FROM "public"."club_memberships" WHERE "public"."club_memberships"."status" = CAST($1::text AS "public"."MembershipStatus") ORDER BY "public"."club_memberships"."joinedAt" DESC OFFSET $2
 GET /api/admin/dashboard 200 in 19ms
 OPTIONS /api/auth/login 204 in 25ms
prisma:query SELECT 1
prisma:query SELECT "public"."users"."id", "public"."users"."email", "public"."users"."password", "public"."users"."name", "public"."users"."studentId", "public"."users"."role"::text, "public"."users"."createdAt", "public"."users"."updatedAt" FROM "public"."users" WHERE ("public"."users"."email" = $1 AND 1=1) LIMIT $2 OFFSET $3
 POST /api/auth/login 401 in 103ms
 OPTIONS /api/auth/login 204 in 26ms
prisma:query SELECT "public"."users"."id", "public"."users"."email", "public"."users"."password", "public"."users"."name", "public"."users"."studentId", "public"."users"."role"::text, "public"."users"."createdAt", "public"."users"."updatedAt" FROM "public"."users" WHERE ("public"."users"."email" = $1 AND 1=1) LIMIT $2 OFFSET $3
 POST /api/auth/login 200 in 95ms
prisma:query SELECT 1
prisma:query SELECT 1
prisma:query SELECT 1
prisma:query SELECT COUNT(*) AS "_count$_all" FROM (SELECT "public"."users"."id" FROM "public"."users" WHERE 1=1 OFFSET $1) AS "sub"
prisma:query SELECT 1
prisma:query SELECT COUNT(*) AS "_count$_all" FROM (SELECT "public"."clubs"."id" FROM "public"."clubs" WHERE 1=1 OFFSET $1) AS "sub"
prisma:query SELECT COUNT(*) AS "_count$_all" FROM (SELECT "public"."attendances"."id" FROM "public"."attendances" WHERE 1=1 OFFSET $1) AS "sub"
prisma:query SELECT COUNT(*) AS "_count$_all" FROM (SELECT "public"."events"."id" FROM "public"."events" WHERE 1=1 OFFSET $1) AS "sub"
prisma:query SELECT COUNT(*) AS "_count$_all" FROM (SELECT "public"."club_memberships"."id" FROM "public"."club_memberships" WHERE "public"."club_memberships"."status" = CAST($1::text AS "public"."MembershipStatus") OFFSET $2) AS "sub"
prisma:query SELECT "public"."users"."id", "public"."users"."name", "public"."users"."email", "public"."users"."role"::text, "public"."users"."createdAt" FROM "public"."users" WHERE 1=1 ORDER BY "public"."users"."createdAt" DESC LIMIT $1 OFFSET $2
prisma:query SELECT "public"."clubs"."id", "public"."clubs"."name", "public"."clubs"."description", "public"."clubs"."category", "public"."clubs"."logo", "public"."clubs"."createdAt", "public"."clubs"."updatedAt", COALESCE("aggr_selection_0_ClubMembership"."_aggr_count_members", 0) AS "_aggr_count_members", COALESCE("aggr_selection_1_Event"."_aggr_count_events", 0) AS "_aggr_count_events" FROM "public"."clubs" LEFT JOIN (SELECT "public"."club_memberships"."clubId", COUNT(*) AS "_aggr_count_members" FROM "public"."club_memberships" WHERE 1=1 GROUP BY "public"."club_memberships"."clubId") AS "aggr_selection_0_ClubMembership" ON ("public"."clubs"."id" = "aggr_selection_0_ClubMembership"."clubId") LEFT JOIN (SELECT "public"."events"."clubId", COUNT(*) AS "_aggr_count_events" FROM "public"."events" WHERE 1=1 GROUP BY "public"."events"."clubId") AS "aggr_selection_1_Event" ON ("public"."clubs"."id" = "aggr_selection_1_Event"."clubId") WHERE 1=1 ORDER BY "public"."clubs"."createdAt" DESC OFFSET $1
prisma:query SELECT "public"."events"."id", "public"."events"."title", "public"."events"."description", "public"."events"."location", "public"."events"."startTime", "public"."events"."endTime", "public"."events"."maxAttendees", "public"."events"."status"::text, "public"."events"."clubId", "public"."events"."createdById", "public"."events"."createdAt", "public"."events"."updatedAt", COALESCE("aggr_selection_0_Attendance"."_aggr_count_attendances", 0) AS "_aggr_count_attendances" FROM "public"."events" LEFT JOIN (SELECT "public"."attendances"."eventId", COUNT(*) AS "_aggr_count_attendances" FROM "public"."attendances" WHERE 1=1 GROUP BY "public"."attendances"."eventId") AS "aggr_selection_0_Attendance" ON ("public"."events"."id" = "aggr_selection_0_Attendance"."eventId") WHERE 1=1 ORDER BY "public"."events"."startTime" DESC LIMIT $1 OFFSET $2
prisma:query SELECT "public"."club_memberships"."id", "public"."club_memberships"."userId", "public"."club_memberships"."clubId", "public"."club_memberships"."isPresident", "public"."club_memberships"."status"::text, "public"."club_memberships"."joinedAt" FROM "public"."club_memberships" WHERE "public"."club_memberships"."status" = CAST($1::text AS "public"."MembershipStatus") ORDER BY "public"."club_memberships"."joinedAt" DESC OFFSET $2
 GET /api/admin/dashboard 200 in 25ms
prisma:query SELECT COUNT(*) AS "_count$_all" FROM (SELECT "public"."clubs"."id" FROM "public"."clubs" WHERE 1=1 OFFSET $1) AS "sub"
prisma:query SELECT COUNT(*) AS "_count$_all" FROM (SELECT "public"."events"."id" FROM "public"."events" WHERE 1=1 OFFSET $1) AS "sub"
prisma:query SELECT COUNT(*) AS "_count$_all" FROM (SELECT "public"."users"."id" FROM "public"."users" WHERE 1=1 OFFSET $1) AS "sub"
prisma:query SELECT COUNT(*) AS "_count$_all" FROM (SELECT "public"."attendances"."id" FROM "public"."attendances" WHERE 1=1 OFFSET $1) AS "sub"
prisma:query SELECT COUNT(*) AS "_count$_all" FROM (SELECT "public"."club_memberships"."id" FROM "public"."club_memberships" WHERE "public"."club_memberships"."status" = CAST($1::text AS "public"."MembershipStatus") OFFSET $2) AS "sub"
prisma:query SELECT "public"."users"."id", "public"."users"."name", "public"."users"."email", "public"."users"."role"::text, "public"."users"."createdAt" FROM "public"."users" WHERE 1=1 ORDER BY "public"."users"."createdAt" DESC LIMIT $1 OFFSET $2
prisma:query SELECT "public"."clubs"."id", "public"."clubs"."name", "public"."clubs"."description", "public"."clubs"."category", "public"."clubs"."logo", "public"."clubs"."createdAt", "public"."clubs"."updatedAt", COALESCE("aggr_selection_0_ClubMembership"."_aggr_count_members", 0) AS "_aggr_count_members", COALESCE("aggr_selection_1_Event"."_aggr_count_events", 0) AS "_aggr_count_events" FROM "public"."clubs" LEFT JOIN (SELECT "public"."club_memberships"."clubId", COUNT(*) AS "_aggr_count_members" FROM "public"."club_memberships" WHERE 1=1 GROUP BY "public"."club_memberships"."clubId") AS "aggr_selection_0_ClubMembership" ON ("public"."clubs"."id" = "aggr_selection_0_ClubMembership"."clubId") LEFT JOIN (SELECT "public"."events"."clubId", COUNT(*) AS "_aggr_count_events" FROM "public"."events" WHERE 1=1 GROUP BY "public"."events"."clubId") AS "aggr_selection_1_Event" ON ("public"."clubs"."id" = "aggr_selection_1_Event"."clubId") WHERE 1=1 ORDER BY "public"."clubs"."createdAt" DESC OFFSET $1
prisma:query SELECT "public"."events"."id", "public"."events"."title", "public"."events"."description", "public"."events"."location", "public"."events"."startTime", "public"."events"."endTime", "public"."events"."maxAttendees", "public"."events"."status"::text, "public"."events"."clubId", "public"."events"."createdById", "public"."events"."createdAt", "public"."events"."updatedAt", COALESCE("aggr_selection_0_Attendance"."_aggr_count_attendances", 0) AS "_aggr_count_attendances" FROM "public"."events" LEFT JOIN (SELECT "public"."attendances"."eventId", COUNT(*) AS "_aggr_count_attendances" FROM "public"."attendances" WHERE 1=1 GROUP BY "public"."attendances"."eventId") AS "aggr_selection_0_Attendance" ON ("public"."events"."id" = "aggr_selection_0_Attendance"."eventId") WHERE 1=1 ORDER BY "public"."events"."startTime" DESC LIMIT $1 OFFSET $2
prisma:query SELECT "public"."club_memberships"."id", "public"."club_memberships"."userId", "public"."club_memberships"."clubId", "public"."club_memberships"."isPresident", "public"."club_memberships"."status"::text, "public"."club_memberships"."joinedAt" FROM "public"."club_memberships" WHERE "public"."club_memberships"."status" = CAST($1::text AS "public"."MembershipStatus") ORDER BY "public"."club_memberships"."joinedAt" DESC OFFSET $2
 GET /api/admin/dashboard 200 in 14ms
prisma:query SELECT 1
prisma:query SELECT 1
prisma:query SELECT 1
prisma:query SELECT 1
prisma:query SELECT 1
prisma:query SELECT COUNT(*) AS "_count$_all" FROM (SELECT "public"."clubs"."id" FROM "public"."clubs" WHERE 1=1 OFFSET $1) AS "sub"
prisma:query SELECT COUNT(*) AS "_count$_all" FROM (SELECT "public"."events"."id" FROM "public"."events" WHERE 1=1 OFFSET $1) AS "sub"
prisma:query SELECT COUNT(*) AS "_count$_all" FROM (SELECT "public"."club_memberships"."id" FROM "public"."club_memberships" WHERE "public"."club_memberships"."status" = CAST($1::text AS "public"."MembershipStatus") OFFSET $2) AS "sub"
prisma:query SELECT COUNT(*) AS "_count$_all" FROM (SELECT "public"."attendances"."id" FROM "public"."attendances" WHERE 1=1 OFFSET $1) AS "sub"
prisma:query SELECT COUNT(*) AS "_count$_all" FROM (SELECT "public"."users"."id" FROM "public"."users" WHERE 1=1 OFFSET $1) AS "sub"
prisma:query SELECT "public"."users"."id", "public"."users"."name", "public"."users"."email", "public"."users"."role"::text, "public"."users"."createdAt" FROM "public"."users" WHERE 1=1 ORDER BY "public"."users"."createdAt" DESC LIMIT $1 OFFSET $2
prisma:query SELECT "public"."clubs"."id", "public"."clubs"."name", "public"."clubs"."description", "public"."clubs"."category", "public"."clubs"."logo", "public"."clubs"."createdAt", "public"."clubs"."updatedAt", COALESCE("aggr_selection_0_ClubMembership"."_aggr_count_members", 0) AS "_aggr_count_members", COALESCE("aggr_selection_1_Event"."_aggr_count_events", 0) AS "_aggr_count_events" FROM "public"."clubs" LEFT JOIN (SELECT "public"."club_memberships"."clubId", COUNT(*) AS "_aggr_count_members" FROM "public"."club_memberships" WHERE 1=1 GROUP BY "public"."club_memberships"."clubId") AS "aggr_selection_0_ClubMembership" ON ("public"."clubs"."id" = "aggr_selection_0_ClubMembership"."clubId") LEFT JOIN (SELECT "public"."events"."clubId", COUNT(*) AS "_aggr_count_events" FROM "public"."events" WHERE 1=1 GROUP BY "public"."events"."clubId") AS "aggr_selection_1_Event" ON ("public"."clubs"."id" = "aggr_selection_1_Event"."clubId") WHERE 1=1 ORDER BY "public"."clubs"."createdAt" DESC OFFSET $1
prisma:query SELECT "public"."events"."id", "public"."events"."title", "public"."events"."description", "public"."events"."location", "public"."events"."startTime", "public"."events"."endTime", "public"."events"."maxAttendees", "public"."events"."status"::text, "public"."events"."clubId", "public"."events"."createdById", "public"."events"."createdAt", "public"."events"."updatedAt", COALESCE("aggr_selection_0_Attendance"."_aggr_count_attendances", 0) AS "_aggr_count_attendances" FROM "public"."events" LEFT JOIN (SELECT "public"."attendances"."eventId", COUNT(*) AS "_aggr_count_attendances" FROM "public"."attendances" WHERE 1=1 GROUP BY "public"."attendances"."eventId") AS "aggr_selection_0_Attendance" ON ("public"."events"."id" = "aggr_selection_0_Attendance"."eventId") WHERE 1=1 ORDER BY "public"."events"."startTime" DESC LIMIT $1 OFFSET $2
prisma:query SELECT "public"."club_memberships"."id", "public"."club_memberships"."userId", "public"."club_memberships"."clubId", "public"."club_memberships"."isPresident", "public"."club_memberships"."status"::text, "public"."club_memberships"."joinedAt" FROM "public"."club_memberships" WHERE "public"."club_memberships"."status" = CAST($1::text AS "public"."MembershipStatus") ORDER BY "public"."club_memberships"."joinedAt" DESC OFFSET $2
 GET /api/admin/dashboard 200 in 118ms
prisma:query SELECT COUNT(*) AS "_count$_all" FROM (SELECT "public"."club_memberships"."id" FROM "public"."club_memberships" WHERE "public"."club_memberships"."status" = CAST($1::text AS "public"."MembershipStatus") OFFSET $2) AS "sub"
prisma:query SELECT COUNT(*) AS "_count$_all" FROM (SELECT "public"."events"."id" FROM "public"."events" WHERE 1=1 OFFSET $1) AS "sub"
prisma:query SELECT COUNT(*) AS "_count$_all" FROM (SELECT "public"."attendances"."id" FROM "public"."attendances" WHERE 1=1 OFFSET $1) AS "sub"
prisma:query SELECT COUNT(*) AS "_count$_all" FROM (SELECT "public"."users"."id" FROM "public"."users" WHERE 1=1 OFFSET $1) AS "sub"
prisma:query SELECT COUNT(*) AS "_count$_all" FROM (SELECT "public"."clubs"."id" FROM "public"."clubs" WHERE 1=1 OFFSET $1) AS "sub"
prisma:query SELECT "public"."users"."id", "public"."users"."name", "public"."users"."email", "public"."users"."role"::text, "public"."users"."createdAt" FROM "public"."users" WHERE 1=1 ORDER BY "public"."users"."createdAt" DESC LIMIT $1 OFFSET $2
prisma:query SELECT "public"."clubs"."id", "public"."clubs"."name", "public"."clubs"."description", "public"."clubs"."category", "public"."clubs"."logo", "public"."clubs"."createdAt", "public"."clubs"."updatedAt", COALESCE("aggr_selection_0_ClubMembership"."_aggr_count_members", 0) AS "_aggr_count_members", COALESCE("aggr_selection_1_Event"."_aggr_count_events", 0) AS "_aggr_count_events" FROM "public"."clubs" LEFT JOIN (SELECT "public"."club_memberships"."clubId", COUNT(*) AS "_aggr_count_members" FROM "public"."club_memberships" WHERE 1=1 GROUP BY "public"."club_memberships"."clubId") AS "aggr_selection_0_ClubMembership" ON ("public"."clubs"."id" = "aggr_selection_0_ClubMembership"."clubId") LEFT JOIN (SELECT "public"."events"."clubId", COUNT(*) AS "_aggr_count_events" FROM "public"."events" WHERE 1=1 GROUP BY "public"."events"."clubId") AS "aggr_selection_1_Event" ON ("public"."clubs"."id" = "aggr_selection_1_Event"."clubId") WHERE 1=1 ORDER BY "public"."clubs"."createdAt" DESC OFFSET $1
prisma:query SELECT "public"."events"."id", "public"."events"."title", "public"."events"."description", "public"."events"."location", "public"."events"."startTime", "public"."events"."endTime", "public"."events"."maxAttendees", "public"."events"."status"::text, "public"."events"."clubId", "public"."events"."createdById", "public"."events"."createdAt", "public"."events"."updatedAt", COALESCE("aggr_selection_0_Attendance"."_aggr_count_attendances", 0) AS "_aggr_count_attendances" FROM "public"."events" LEFT JOIN (SELECT "public"."attendances"."eventId", COUNT(*) AS "_aggr_count_attendances" FROM "public"."attendances" WHERE 1=1 GROUP BY "public"."attendances"."eventId") AS "aggr_selection_0_Attendance" ON ("public"."events"."id" = "aggr_selection_0_Attendance"."eventId") WHERE 1=1 ORDER BY "public"."events"."startTime" DESC LIMIT $1 OFFSET $2
prisma:query SELECT "public"."club_memberships"."id", "public"."club_memberships"."userId", "public"."club_memberships"."clubId", "public"."club_memberships"."isPresident", "public"."club_memberships"."status"::text, "public"."club_memberships"."joinedAt" FROM "public"."club_memberships" WHERE "public"."club_memberships"."status" = CAST($1::text AS "public"."MembershipStatus") ORDER BY "public"."club_memberships"."joinedAt" DESC OFFSET $2
 GET /api/admin/dashboard 200 in 46ms
prisma:query SELECT COUNT(*) AS "_count$_all" FROM (SELECT "public"."users"."id" FROM "public"."users" WHERE 1=1 OFFSET $1) AS "sub"
prisma:query SELECT COUNT(*) AS "_count$_all" FROM (SELECT "public"."club_memberships"."id" FROM "public"."club_memberships" WHERE "public"."club_memberships"."status" = CAST($1::text AS "public"."MembershipStatus") OFFSET $2) AS "sub"
prisma:query SELECT COUNT(*) AS "_count$_all" FROM (SELECT "public"."events"."id" FROM "public"."events" WHERE 1=1 OFFSET $1) AS "sub"
prisma:query SELECT COUNT(*) AS "_count$_all" FROM (SELECT "public"."clubs"."id" FROM "public"."clubs" WHERE 1=1 OFFSET $1) AS "sub"
prisma:query SELECT COUNT(*) AS "_count$_all" FROM (SELECT "public"."attendances"."id" FROM "public"."attendances" WHERE 1=1 OFFSET $1) AS "sub"
prisma:query SELECT "public"."users"."id", "public"."users"."name", "public"."users"."email", "public"."users"."role"::text, "public"."users"."createdAt" FROM "public"."users" WHERE 1=1 ORDER BY "public"."users"."createdAt" DESC LIMIT $1 OFFSET $2
prisma:query SELECT "public"."clubs"."id", "public"."clubs"."name", "public"."clubs"."description", "public"."clubs"."category", "public"."clubs"."logo", "public"."clubs"."createdAt", "public"."clubs"."updatedAt", COALESCE("aggr_selection_0_ClubMembership"."_aggr_count_members", 0) AS "_aggr_count_members", COALESCE("aggr_selection_1_Event"."_aggr_count_events", 0) AS "_aggr_count_events" FROM "public"."clubs" LEFT JOIN (SELECT "public"."club_memberships"."clubId", COUNT(*) AS "_aggr_count_members" FROM "public"."club_memberships" WHERE 1=1 GROUP BY "public"."club_memberships"."clubId") AS "aggr_selection_0_ClubMembership" ON ("public"."clubs"."id" = "aggr_selection_0_ClubMembership"."clubId") LEFT JOIN (SELECT "public"."events"."clubId", COUNT(*) AS "_aggr_count_events" FROM "public"."events" WHERE 1=1 GROUP BY "public"."events"."clubId") AS "aggr_selection_1_Event" ON ("public"."clubs"."id" = "aggr_selection_1_Event"."clubId") WHERE 1=1 ORDER BY "public"."clubs"."createdAt" DESC OFFSET $1
prisma:query SELECT "public"."events"."id", "public"."events"."title", "public"."events"."description", "public"."events"."location", "public"."events"."startTime", "public"."events"."endTime", "public"."events"."maxAttendees", "public"."events"."status"::text, "public"."events"."clubId", "public"."events"."createdById", "public"."events"."createdAt", "public"."events"."updatedAt", COALESCE("aggr_selection_0_Attendance"."_aggr_count_attendances", 0) AS "_aggr_count_attendances" FROM "public"."events" LEFT JOIN (SELECT "public"."attendances"."eventId", COUNT(*) AS "_aggr_count_attendances" FROM "public"."attendances" WHERE 1=1 GROUP BY "public"."attendances"."eventId") AS "aggr_selection_0_Attendance" ON ("public"."events"."id" = "aggr_selection_0_Attendance"."eventId") WHERE 1=1 ORDER BY "public"."events"."startTime" DESC LIMIT $1 OFFSET $2
prisma:query SELECT "public"."club_memberships"."id", "public"."club_memberships"."userId", "public"."club_memberships"."clubId", "public"."club_memberships"."isPresident", "public"."club_memberships"."status"::text, "public"."club_memberships"."joinedAt" FROM "public"."club_memberships" WHERE "public"."club_memberships"."status" = CAST($1::text AS "public"."MembershipStatus") ORDER BY "public"."club_memberships"."joinedAt" DESC OFFSET $2
 GET /api/admin/dashboard 200 in 20ms
 OPTIONS /api/auth/login 204 in 35ms
prisma:query SELECT 1
prisma:query SELECT "public"."users"."id", "public"."users"."email", "public"."users"."password", "public"."users"."name", "public"."users"."studentId", "public"."users"."role"::text, "public"."users"."createdAt", "public"."users"."updatedAt" FROM "public"."users" WHERE ("public"."users"."email" = $1 AND 1=1) LIMIT $2 OFFSET $3
 POST /api/auth/login 200 in 97ms
prisma:query SELECT COUNT(*) AS "_count$_all" FROM (SELECT "public"."users"."id" FROM "public"."users" WHERE 1=1 OFFSET $1) AS "sub"
prisma:query SELECT 1
prisma:query SELECT 1
prisma:query SELECT COUNT(*) AS "_count$_all" FROM (SELECT "public"."events"."id" FROM "public"."events" WHERE 1=1 OFFSET $1) AS "sub"
prisma:query SELECT COUNT(*) AS "_count$_all" FROM (SELECT "public"."club_memberships"."id" FROM "public"."club_memberships" WHERE "public"."club_memberships"."status" = CAST($1::text AS "public"."MembershipStatus") OFFSET $2) AS "sub"
prisma:query SELECT COUNT(*) AS "_count$_all" FROM (SELECT "public"."attendances"."id" FROM "public"."attendances" WHERE 1=1 OFFSET $1) AS "sub"
prisma:query SELECT COUNT(*) AS "_count$_all" FROM (SELECT "public"."clubs"."id" FROM "public"."clubs" WHERE 1=1 OFFSET $1) AS "sub"
prisma:query SELECT "public"."users"."id", "public"."users"."name", "public"."users"."email", "public"."users"."role"::text, "public"."users"."createdAt" FROM "public"."users" WHERE 1=1 ORDER BY "public"."users"."createdAt" DESC LIMIT $1 OFFSET $2
prisma:query SELECT "public"."clubs"."id", "public"."clubs"."name", "public"."clubs"."description", "public"."clubs"."category", "public"."clubs"."logo", "public"."clubs"."createdAt", "public"."clubs"."updatedAt", COALESCE("aggr_selection_0_ClubMembership"."_aggr_count_members", 0) AS "_aggr_count_members", COALESCE("aggr_selection_1_Event"."_aggr_count_events", 0) AS "_aggr_count_events" FROM "public"."clubs" LEFT JOIN (SELECT "public"."club_memberships"."clubId", COUNT(*) AS "_aggr_count_members" FROM "public"."club_memberships" WHERE 1=1 GROUP BY "public"."club_memberships"."clubId") AS "aggr_selection_0_ClubMembership" ON ("public"."clubs"."id" = "aggr_selection_0_ClubMembership"."clubId") LEFT JOIN (SELECT "public"."events"."clubId", COUNT(*) AS "_aggr_count_events" FROM "public"."events" WHERE 1=1 GROUP BY "public"."events"."clubId") AS "aggr_selection_1_Event" ON ("public"."clubs"."id" = "aggr_selection_1_Event"."clubId") WHERE 1=1 ORDER BY "public"."clubs"."createdAt" DESC OFFSET $1
prisma:query SELECT "public"."events"."id", "public"."events"."title", "public"."events"."description", "public"."events"."location", "public"."events"."startTime", "public"."events"."endTime", "public"."events"."maxAttendees", "public"."events"."status"::text, "public"."events"."clubId", "public"."events"."createdById", "public"."events"."createdAt", "public"."events"."updatedAt", COALESCE("aggr_selection_0_Attendance"."_aggr_count_attendances", 0) AS "_aggr_count_attendances" FROM "public"."events" LEFT JOIN (SELECT "public"."attendances"."eventId", COUNT(*) AS "_aggr_count_attendances" FROM "public"."attendances" WHERE 1=1 GROUP BY "public"."attendances"."eventId") AS "aggr_selection_0_Attendance" ON ("public"."events"."id" = "aggr_selection_0_Attendance"."eventId") WHERE 1=1 ORDER BY "public"."events"."startTime" DESC LIMIT $1 OFFSET $2
prisma:query SELECT "public"."club_memberships"."id", "public"."club_memberships"."userId", "public"."club_memberships"."clubId", "public"."club_memberships"."isPresident", "public"."club_memberships"."status"::text, "public"."club_memberships"."joinedAt" FROM "public"."club_memberships" WHERE "public"."club_memberships"."status" = CAST($1::text AS "public"."MembershipStatus") ORDER BY "public"."club_memberships"."joinedAt" DESC OFFSET $2
 GET /api/admin/dashboard 200 in 35ms
prisma:query SELECT COUNT(*) AS "_count$_all" FROM (SELECT "public"."clubs"."id" FROM "public"."clubs" WHERE 1=1 OFFSET $1) AS "sub"
prisma:query SELECT COUNT(*) AS "_count$_all" FROM (SELECT "public"."events"."id" FROM "public"."events" WHERE 1=1 OFFSET $1) AS "sub"
prisma:query SELECT COUNT(*) AS "_count$_all" FROM (SELECT "public"."users"."id" FROM "public"."users" WHERE 1=1 OFFSET $1) AS "sub"
prisma:query SELECT COUNT(*) AS "_count$_all" FROM (SELECT "public"."club_memberships"."id" FROM "public"."club_memberships" WHERE "public"."club_memberships"."status" = CAST($1::text AS "public"."MembershipStatus") OFFSET $2) AS "sub"
prisma:query SELECT 1
prisma:query SELECT COUNT(*) AS "_count$_all" FROM (SELECT "public"."attendances"."id" FROM "public"."attendances" WHERE 1=1 OFFSET $1) AS "sub"
prisma:query SELECT "public"."users"."id", "public"."users"."name", "public"."users"."email", "public"."users"."role"::text, "public"."users"."createdAt" FROM "public"."users" WHERE 1=1 ORDER BY "public"."users"."createdAt" DESC LIMIT $1 OFFSET $2
prisma:query SELECT "public"."clubs"."id", "public"."clubs"."name", "public"."clubs"."description", "public"."clubs"."category", "public"."clubs"."logo", "public"."clubs"."createdAt", "public"."clubs"."updatedAt", COALESCE("aggr_selection_0_ClubMembership"."_aggr_count_members", 0) AS "_aggr_count_members", COALESCE("aggr_selection_1_Event"."_aggr_count_events", 0) AS "_aggr_count_events" FROM "public"."clubs" LEFT JOIN (SELECT "public"."club_memberships"."clubId", COUNT(*) AS "_aggr_count_members" FROM "public"."club_memberships" WHERE 1=1 GROUP BY "public"."club_memberships"."clubId") AS "aggr_selection_0_ClubMembership" ON ("public"."clubs"."id" = "aggr_selection_0_ClubMembership"."clubId") LEFT JOIN (SELECT "public"."events"."clubId", COUNT(*) AS "_aggr_count_events" FROM "public"."events" WHERE 1=1 GROUP BY "public"."events"."clubId") AS "aggr_selection_1_Event" ON ("public"."clubs"."id" = "aggr_selection_1_Event"."clubId") WHERE 1=1 ORDER BY "public"."clubs"."createdAt" DESC OFFSET $1
prisma:query SELECT "public"."events"."id", "public"."events"."title", "public"."events"."description", "public"."events"."location", "public"."events"."startTime", "public"."events"."endTime", "public"."events"."maxAttendees", "public"."events"."status"::text, "public"."events"."clubId", "public"."events"."createdById", "public"."events"."createdAt", "public"."events"."updatedAt", COALESCE("aggr_selection_0_Attendance"."_aggr_count_attendances", 0) AS "_aggr_count_attendances" FROM "public"."events" LEFT JOIN (SELECT "public"."attendances"."eventId", COUNT(*) AS "_aggr_count_attendances" FROM "public"."attendances" WHERE 1=1 GROUP BY "public"."attendances"."eventId") AS "aggr_selection_0_Attendance" ON ("public"."events"."id" = "aggr_selection_0_Attendance"."eventId") WHERE 1=1 ORDER BY "public"."events"."startTime" DESC LIMIT $1 OFFSET $2
prisma:query SELECT "public"."club_memberships"."id", "public"."club_memberships"."userId", "public"."club_memberships"."clubId", "public"."club_memberships"."isPresident", "public"."club_memberships"."status"::text, "public"."club_memberships"."joinedAt" FROM "public"."club_memberships" WHERE "public"."club_memberships"."status" = CAST($1::text AS "public"."MembershipStatus") ORDER BY "public"."club_memberships"."joinedAt" DESC OFFSET $2
 GET /api/admin/dashboard 200 in 13ms
prisma:query SELECT 1
prisma:query SELECT COUNT(*) AS "_count$_all" FROM (SELECT "public"."club_memberships"."id" FROM "public"."club_memberships" WHERE "public"."club_memberships"."status" = CAST($1::text AS "public"."MembershipStatus") OFFSET $2) AS "sub"
prisma:query SELECT COUNT(*) AS "_count$_all" FROM (SELECT "public"."clubs"."id" FROM "public"."clubs" WHERE 1=1 OFFSET $1) AS "sub"
prisma:query SELECT COUNT(*) AS "_count$_all" FROM (SELECT "public"."events"."id" FROM "public"."events" WHERE 1=1 OFFSET $1) AS "sub"
prisma:query SELECT COUNT(*) AS "_count$_all" FROM (SELECT "public"."attendances"."id" FROM "public"."attendances" WHERE 1=1 OFFSET $1) AS "sub"
prisma:query SELECT COUNT(*) AS "_count$_all" FROM (SELECT "public"."users"."id" FROM "public"."users" WHERE 1=1 OFFSET $1) AS "sub"
prisma:query SELECT "public"."users"."id", "public"."users"."name", "public"."users"."email", "public"."users"."role"::text, "public"."users"."createdAt" FROM "public"."users" WHERE 1=1 ORDER BY "public"."users"."createdAt" DESC LIMIT $1 OFFSET $2
prisma:query SELECT "public"."clubs"."id", "public"."clubs"."name", "public"."clubs"."description", "public"."clubs"."category", "public"."clubs"."logo", "public"."clubs"."createdAt", "public"."clubs"."updatedAt", COALESCE("aggr_selection_0_ClubMembership"."_aggr_count_members", 0) AS "_aggr_count_members", COALESCE("aggr_selection_1_Event"."_aggr_count_events", 0) AS "_aggr_count_events" FROM "public"."clubs" LEFT JOIN (SELECT "public"."club_memberships"."clubId", COUNT(*) AS "_aggr_count_members" FROM "public"."club_memberships" WHERE 1=1 GROUP BY "public"."club_memberships"."clubId") AS "aggr_selection_0_ClubMembership" ON ("public"."clubs"."id" = "aggr_selection_0_ClubMembership"."clubId") LEFT JOIN (SELECT "public"."events"."clubId", COUNT(*) AS "_aggr_count_events" FROM "public"."events" WHERE 1=1 GROUP BY "public"."events"."clubId") AS "aggr_selection_1_Event" ON ("public"."clubs"."id" = "aggr_selection_1_Event"."clubId") WHERE 1=1 ORDER BY "public"."clubs"."createdAt" DESC OFFSET $1
prisma:query SELECT "public"."events"."id", "public"."events"."title", "public"."events"."description", "public"."events"."location", "public"."events"."startTime", "public"."events"."endTime", "public"."events"."maxAttendees", "public"."events"."status"::text, "public"."events"."clubId", "public"."events"."createdById", "public"."events"."createdAt", "public"."events"."updatedAt", COALESCE("aggr_selection_0_Attendance"."_aggr_count_attendances", 0) AS "_aggr_count_attendances" FROM "public"."events" LEFT JOIN (SELECT "public"."attendances"."eventId", COUNT(*) AS "_aggr_count_attendances" FROM "public"."attendances" WHERE 1=1 GROUP BY "public"."attendances"."eventId") AS "aggr_selection_0_Attendance" ON ("public"."events"."id" = "aggr_selection_0_Attendance"."eventId") WHERE 1=1 ORDER BY "public"."events"."startTime" DESC LIMIT $1 OFFSET $2
prisma:query SELECT "public"."club_memberships"."id", "public"."club_memberships"."userId", "public"."club_memberships"."clubId", "public"."club_memberships"."isPresident", "public"."club_memberships"."status"::text, "public"."club_memberships"."joinedAt" FROM "public"."club_memberships" WHERE "public"."club_memberships"."status" = CAST($1::text AS "public"."MembershipStatus") ORDER BY "public"."club_memberships"."joinedAt" DESC OFFSET $2
 GET /api/admin/dashboard 200 in 67ms
prisma:query SELECT "public"."clubs"."id", "public"."clubs"."name", "public"."clubs"."description", "public"."clubs"."category", "public"."clubs"."logo", "public"."clubs"."createdAt", "public"."clubs"."updatedAt", COALESCE("aggr_selection_0_ClubMembership"."_aggr_count_members", 0) AS "_aggr_count_members", COALESCE("aggr_selection_1_Event"."_aggr_count_events", 0) AS "_aggr_count_events" FROM "public"."clubs" LEFT JOIN (SELECT "public"."club_memberships"."clubId", COUNT(*) AS "_aggr_count_members" FROM "public"."club_memberships" WHERE 1=1 GROUP BY "public"."club_memberships"."clubId") AS "aggr_selection_0_ClubMembership" ON ("public"."clubs"."id" = "aggr_selection_0_ClubMembership"."clubId") LEFT JOIN (SELECT "public"."events"."clubId", COUNT(*) AS "_aggr_count_events" FROM "public"."events" WHERE 1=1 GROUP BY "public"."events"."clubId") AS "aggr_selection_1_Event" ON ("public"."clubs"."id" = "aggr_selection_1_Event"."clubId") WHERE 1=1 ORDER BY "public"."clubs"."createdAt" DESC OFFSET $1
 GET /api/clubs 200 in 17ms
prisma:query SELECT "public"."clubs"."id", "public"."clubs"."name", "public"."clubs"."description", "public"."clubs"."category", "public"."clubs"."logo", "public"."clubs"."createdAt", "public"."clubs"."updatedAt", COALESCE("aggr_selection_0_ClubMembership"."_aggr_count_members", 0) AS "_aggr_count_members", COALESCE("aggr_selection_1_Event"."_aggr_count_events", 0) AS "_aggr_count_events" FROM "public"."clubs" LEFT JOIN (SELECT "public"."club_memberships"."clubId", COUNT(*) AS "_aggr_count_members" FROM "public"."club_memberships" WHERE 1=1 GROUP BY "public"."club_memberships"."clubId") AS "aggr_selection_0_ClubMembership" ON ("public"."clubs"."id" = "aggr_selection_0_ClubMembership"."clubId") LEFT JOIN (SELECT "public"."events"."clubId", COUNT(*) AS "_aggr_count_events" FROM "public"."events" WHERE 1=1 GROUP BY "public"."events"."clubId") AS "aggr_selection_1_Event" ON ("public"."clubs"."id" = "aggr_selection_1_Event"."clubId") WHERE 1=1 ORDER BY "public"."clubs"."createdAt" DESC OFFSET $1
 GET /api/clubs 200 in 10ms
prisma:query SELECT "public"."clubs"."id", "public"."clubs"."name", "public"."clubs"."description", "public"."clubs"."category", "public"."clubs"."logo", "public"."clubs"."createdAt", "public"."clubs"."updatedAt", COALESCE("aggr_selection_0_ClubMembership"."_aggr_count_members", 0) AS "_aggr_count_members", COALESCE("aggr_selection_1_Event"."_aggr_count_events", 0) AS "_aggr_count_events" FROM "public"."clubs" LEFT JOIN (SELECT "public"."club_memberships"."clubId", COUNT(*) AS "_aggr_count_members" FROM "public"."club_memberships" WHERE 1=1 GROUP BY "public"."club_memberships"."clubId") AS "aggr_selection_0_ClubMembership" ON ("public"."clubs"."id" = "aggr_selection_0_ClubMembership"."clubId") LEFT JOIN (SELECT "public"."events"."clubId", COUNT(*) AS "_aggr_count_events" FROM "public"."events" WHERE 1=1 GROUP BY "public"."events"."clubId") AS "aggr_selection_1_Event" ON ("public"."clubs"."id" = "aggr_selection_1_Event"."clubId") WHERE 1=1 ORDER BY "public"."clubs"."createdAt" DESC OFFSET $1
 GET /api/clubs 200 in 29ms
 ✓ Compiled /api/events in 373ms (302 modules)
prisma:query SELECT "public"."events"."id", "public"."events"."title", "public"."events"."description", "public"."events"."location", "public"."events"."startTime", "public"."events"."endTime", "public"."events"."maxAttendees", "public"."events"."status"::text, "public"."events"."clubId", "public"."events"."createdById", "public"."events"."createdAt", "public"."events"."updatedAt", COALESCE("aggr_selection_0_Attendance"."_aggr_count_attendances", 0) AS "_aggr_count_attendances" FROM "public"."events" LEFT JOIN (SELECT "public"."attendances"."eventId", COUNT(*) AS "_aggr_count_attendances" FROM "public"."attendances" WHERE 1=1 GROUP BY "public"."attendances"."eventId") AS "aggr_selection_0_Attendance" ON ("public"."events"."id" = "aggr_selection_0_Attendance"."eventId") WHERE 1=1 ORDER BY "public"."events"."startTime" ASC OFFSET $1
 GET /api/events 200 in 441ms
prisma:query SELECT "public"."events"."id", "public"."events"."title", "public"."events"."description", "public"."events"."location", "public"."events"."startTime", "public"."events"."endTime", "public"."events"."maxAttendees", "public"."events"."status"::text, "public"."events"."clubId", "public"."events"."createdById", "public"."events"."createdAt", "public"."events"."updatedAt", COALESCE("aggr_selection_0_Attendance"."_aggr_count_attendances", 0) AS "_aggr_count_attendances" FROM "public"."events" LEFT JOIN (SELECT "public"."attendances"."eventId", COUNT(*) AS "_aggr_count_attendances" FROM "public"."attendances" WHERE 1=1 GROUP BY "public"."attendances"."eventId") AS "aggr_selection_0_Attendance" ON ("public"."events"."id" = "aggr_selection_0_Attendance"."eventId") WHERE 1=1 ORDER BY "public"."events"."startTime" ASC OFFSET $1
 GET /api/events 200 in 12ms
prisma:query SELECT "public"."clubs"."id", "public"."clubs"."name", "public"."clubs"."description", "public"."clubs"."category", "public"."clubs"."logo", "public"."clubs"."createdAt", "public"."clubs"."updatedAt", COALESCE("aggr_selection_0_ClubMembership"."_aggr_count_members", 0) AS "_aggr_count_members", COALESCE("aggr_selection_1_Event"."_aggr_count_events", 0) AS "_aggr_count_events" FROM "public"."clubs" LEFT JOIN (SELECT "public"."club_memberships"."clubId", COUNT(*) AS "_aggr_count_members" FROM "public"."club_memberships" WHERE 1=1 GROUP BY "public"."club_memberships"."clubId") AS "aggr_selection_0_ClubMembership" ON ("public"."clubs"."id" = "aggr_selection_0_ClubMembership"."clubId") LEFT JOIN (SELECT "public"."events"."clubId", COUNT(*) AS "_aggr_count_events" FROM "public"."events" WHERE 1=1 GROUP BY "public"."events"."clubId") AS "aggr_selection_1_Event" ON ("public"."clubs"."id" = "aggr_selection_1_Event"."clubId") WHERE 1=1 ORDER BY "public"."clubs"."createdAt" DESC OFFSET $1
 GET /api/clubs 200 in 25ms
prisma:query SELECT "public"."clubs"."id", "public"."clubs"."name", "public"."clubs"."description", "public"."clubs"."category", "public"."clubs"."logo", "public"."clubs"."createdAt", "public"."clubs"."updatedAt", COALESCE("aggr_selection_0_ClubMembership"."_aggr_count_members", 0) AS "_aggr_count_members", COALESCE("aggr_selection_1_Event"."_aggr_count_events", 0) AS "_aggr_count_events" FROM "public"."clubs" LEFT JOIN (SELECT "public"."club_memberships"."clubId", COUNT(*) AS "_aggr_count_members" FROM "public"."club_memberships" WHERE 1=1 GROUP BY "public"."club_memberships"."clubId") AS "aggr_selection_0_ClubMembership" ON ("public"."clubs"."id" = "aggr_selection_0_ClubMembership"."clubId") LEFT JOIN (SELECT "public"."events"."clubId", COUNT(*) AS "_aggr_count_events" FROM "public"."events" WHERE 1=1 GROUP BY "public"."events"."clubId") AS "aggr_selection_1_Event" ON ("public"."clubs"."id" = "aggr_selection_1_Event"."clubId") WHERE 1=1 ORDER BY "public"."clubs"."createdAt" DESC OFFSET $1
 GET /api/clubs 200 in 9ms
prisma:query SELECT 1
prisma:query SELECT "public"."clubs"."id", "public"."clubs"."name", "public"."clubs"."description", "public"."clubs"."category", "public"."clubs"."logo", "public"."clubs"."createdAt", "public"."clubs"."updatedAt", COALESCE("aggr_selection_0_ClubMembership"."_aggr_count_members", 0) AS "_aggr_count_members", COALESCE("aggr_selection_1_Event"."_aggr_count_events", 0) AS "_aggr_count_events" FROM "public"."clubs" LEFT JOIN (SELECT "public"."club_memberships"."clubId", COUNT(*) AS "_aggr_count_members" FROM "public"."club_memberships" WHERE 1=1 GROUP BY "public"."club_memberships"."clubId") AS "aggr_selection_0_ClubMembership" ON ("public"."clubs"."id" = "aggr_selection_0_ClubMembership"."clubId") LEFT JOIN (SELECT "public"."events"."clubId", COUNT(*) AS "_aggr_count_events" FROM "public"."events" WHERE 1=1 GROUP BY "public"."events"."clubId") AS "aggr_selection_1_Event" ON ("public"."clubs"."id" = "aggr_selection_1_Event"."clubId") WHERE 1=1 ORDER BY "public"."clubs"."createdAt" DESC OFFSET $1
 GET /api/clubs 200 in 40ms
prisma:query SELECT COUNT(*) AS "_count$_all" FROM (SELECT "public"."events"."id" FROM "public"."events" WHERE 1=1 OFFSET $1) AS "sub"
prisma:query SELECT COUNT(*) AS "_count$_all" FROM (SELECT "public"."users"."id" FROM "public"."users" WHERE 1=1 OFFSET $1) AS "sub"
prisma:query SELECT COUNT(*) AS "_count$_all" FROM (SELECT "public"."attendances"."id" FROM "public"."attendances" WHERE 1=1 OFFSET $1) AS "sub"
prisma:query SELECT COUNT(*) AS "_count$_all" FROM (SELECT "public"."clubs"."id" FROM "public"."clubs" WHERE 1=1 OFFSET $1) AS "sub"
prisma:query SELECT COUNT(*) AS "_count$_all" FROM (SELECT "public"."club_memberships"."id" FROM "public"."club_memberships" WHERE "public"."club_memberships"."status" = CAST($1::text AS "public"."MembershipStatus") OFFSET $2) AS "sub"
prisma:query SELECT "public"."users"."id", "public"."users"."name", "public"."users"."email", "public"."users"."role"::text, "public"."users"."createdAt" FROM "public"."users" WHERE 1=1 ORDER BY "public"."users"."createdAt" DESC LIMIT $1 OFFSET $2
prisma:query SELECT "public"."clubs"."id", "public"."clubs"."name", "public"."clubs"."description", "public"."clubs"."category", "public"."clubs"."logo", "public"."clubs"."createdAt", "public"."clubs"."updatedAt", COALESCE("aggr_selection_0_ClubMembership"."_aggr_count_members", 0) AS "_aggr_count_members", COALESCE("aggr_selection_1_Event"."_aggr_count_events", 0) AS "_aggr_count_events" FROM "public"."clubs" LEFT JOIN (SELECT "public"."club_memberships"."clubId", COUNT(*) AS "_aggr_count_members" FROM "public"."club_memberships" WHERE 1=1 GROUP BY "public"."club_memberships"."clubId") AS "aggr_selection_0_ClubMembership" ON ("public"."clubs"."id" = "aggr_selection_0_ClubMembership"."clubId") LEFT JOIN (SELECT "public"."events"."clubId", COUNT(*) AS "_aggr_count_events" FROM "public"."events" WHERE 1=1 GROUP BY "public"."events"."clubId") AS "aggr_selection_1_Event" ON ("public"."clubs"."id" = "aggr_selection_1_Event"."clubId") WHERE 1=1 ORDER BY "public"."clubs"."createdAt" DESC OFFSET $1
prisma:query SELECT "public"."events"."id", "public"."events"."title", "public"."events"."description", "public"."events"."location", "public"."events"."startTime", "public"."events"."endTime", "public"."events"."maxAttendees", "public"."events"."status"::text, "public"."events"."clubId", "public"."events"."createdById", "public"."events"."createdAt", "public"."events"."updatedAt", COALESCE("aggr_selection_0_Attendance"."_aggr_count_attendances", 0) AS "_aggr_count_attendances" FROM "public"."events" LEFT JOIN (SELECT "public"."attendances"."eventId", COUNT(*) AS "_aggr_count_attendances" FROM "public"."attendances" WHERE 1=1 GROUP BY "public"."attendances"."eventId") AS "aggr_selection_0_Attendance" ON ("public"."events"."id" = "aggr_selection_0_Attendance"."eventId") WHERE 1=1 ORDER BY "public"."events"."startTime" DESC LIMIT $1 OFFSET $2
prisma:query SELECT "public"."club_memberships"."id", "public"."club_memberships"."userId", "public"."club_memberships"."clubId", "public"."club_memberships"."isPresident", "public"."club_memberships"."status"::text, "public"."club_memberships"."joinedAt" FROM "public"."club_memberships" WHERE "public"."club_memberships"."status" = CAST($1::text AS "public"."MembershipStatus") ORDER BY "public"."club_memberships"."joinedAt" DESC OFFSET $2
 GET /api/admin/dashboard 200 in 157ms
prisma:query SELECT COUNT(*) AS "_count$_all" FROM (SELECT "public"."club_memberships"."id" FROM "public"."club_memberships" WHERE "public"."club_memberships"."status" = CAST($1::text AS "public"."MembershipStatus") OFFSET $2) AS "sub"
prisma:query SELECT COUNT(*) AS "_count$_all" FROM (SELECT "public"."users"."id" FROM "public"."users" WHERE 1=1 OFFSET $1) AS "sub"
prisma:query SELECT COUNT(*) AS "_count$_all" FROM (SELECT "public"."clubs"."id" FROM "public"."clubs" WHERE 1=1 OFFSET $1) AS "sub"
prisma:query SELECT COUNT(*) AS "_count$_all" FROM (SELECT "public"."events"."id" FROM "public"."events" WHERE 1=1 OFFSET $1) AS "sub"
prisma:query SELECT COUNT(*) AS "_count$_all" FROM (SELECT "public"."attendances"."id" FROM "public"."attendances" WHERE 1=1 OFFSET $1) AS "sub"
prisma:query SELECT "public"."users"."id", "public"."users"."name", "public"."users"."email", "public"."users"."role"::text, "public"."users"."createdAt" FROM "public"."users" WHERE 1=1 ORDER BY "public"."users"."createdAt" DESC LIMIT $1 OFFSET $2
prisma:query SELECT "public"."clubs"."id", "public"."clubs"."name", "public"."clubs"."description", "public"."clubs"."category", "public"."clubs"."logo", "public"."clubs"."createdAt", "public"."clubs"."updatedAt", COALESCE("aggr_selection_0_ClubMembership"."_aggr_count_members", 0) AS "_aggr_count_members", COALESCE("aggr_selection_1_Event"."_aggr_count_events", 0) AS "_aggr_count_events" FROM "public"."clubs" LEFT JOIN (SELECT "public"."club_memberships"."clubId", COUNT(*) AS "_aggr_count_members" FROM "public"."club_memberships" WHERE 1=1 GROUP BY "public"."club_memberships"."clubId") AS "aggr_selection_0_ClubMembership" ON ("public"."clubs"."id" = "aggr_selection_0_ClubMembership"."clubId") LEFT JOIN (SELECT "public"."events"."clubId", COUNT(*) AS "_aggr_count_events" FROM "public"."events" WHERE 1=1 GROUP BY "public"."events"."clubId") AS "aggr_selection_1_Event" ON ("public"."clubs"."id" = "aggr_selection_1_Event"."clubId") WHERE 1=1 ORDER BY "public"."clubs"."createdAt" DESC OFFSET $1
prisma:query SELECT "public"."events"."id", "public"."events"."title", "public"."events"."description", "public"."events"."location", "public"."events"."startTime", "public"."events"."endTime", "public"."events"."maxAttendees", "public"."events"."status"::text, "public"."events"."clubId", "public"."events"."createdById", "public"."events"."createdAt", "public"."events"."updatedAt", COALESCE("aggr_selection_0_Attendance"."_aggr_count_attendances", 0) AS "_aggr_count_attendances" FROM "public"."events" LEFT JOIN (SELECT "public"."attendances"."eventId", COUNT(*) AS "_aggr_count_attendances" FROM "public"."attendances" WHERE 1=1 GROUP BY "public"."attendances"."eventId") AS "aggr_selection_0_Attendance" ON ("public"."events"."id" = "aggr_selection_0_Attendance"."eventId") WHERE 1=1 ORDER BY "public"."events"."startTime" DESC LIMIT $1 OFFSET $2
prisma:query SELECT "public"."club_memberships"."id", "public"."club_memberships"."userId", "public"."club_memberships"."clubId", "public"."club_memberships"."isPresident", "public"."club_memberships"."status"::text, "public"."club_memberships"."joinedAt" FROM "public"."club_memberships" WHERE "public"."club_memberships"."status" = CAST($1::text AS "public"."MembershipStatus") ORDER BY "public"."club_memberships"."joinedAt" DESC OFFSET $2
 GET /api/admin/dashboard 200 in 29ms
